<?xml version="1.0" encoding="UTF-8"?>
<!-- Generated by org.testng.reporters.JUnitReportReporter -->
<testsuite hostname="Pratha" failures="0" tests="1" name="apparelandshoes.ClickOnApparelAndShoesTest" time="4.604" errors="0" timestamp="2025-03-30T09:20:43 IST" skipped="0">
  <testcase classname="apparelandshoes.ClickOnApparelAndShoesTest" name="clickOnApparelAndshoes" time="4.604"/>
  <system-out/>
</testsuite> <!-- apparelandshoes.ClickOnApparelAndShoesTest -->
